1614936344366	geckodriver	INFO	Listening on 127.0.0.1:39107
1614936344410	mozrunner::runner	INFO	Running command: "/usr/bin/firefox" "--marionette" "-foreground" "-no-remote" "-profile" "/tmp/rust_mozprofilemIRsOa"
console.info: MINT: Trying to use the system region (based on LANG).
console.info: MINT: System region is RU
console.warn: SearchSettings: "get: No settings file exists, new profile?" (new Error("", "(unknown module)"))
1614936360567	Marionette	INFO	Listening on port 38785
1614936360683	Marionette	WARN	TLS certificate errors will be ignored for this session
console.info: MINT: Loading search-config defaults.
JavaScript error: resource://gre/modules/TelemetryUtils.jsm, line 159: TypeError: date is undefined
1614936388241	Marionette	WARN	Ignoring event 'pageshow' because document has an invalid readyState of 'uninitialized'.
JavaScript error: https://static.avito.ru/s/cc/bundles/d0f4da13f4622eff6999.js, line 1: ChunkLoadError: Loading chunk f6962c17 failed.
(error: https://static.avito.ru/s/cc/chunks/f6962c17.d733b8bf1a822ac6e7ca.js)
JavaScript error: , line 0: uncaught exception: undefined
JavaScript error: https://static.avito.ru/s/cc/bundles/d0f4da13f4622eff6999.js, line 1: ChunkLoadError: Loading chunk f6962c17 failed.
(error: https://static.avito.ru/s/cc/chunks/f6962c17.d733b8bf1a822ac6e7ca.js)
JavaScript error: https://static.avito.ru/@avito/bx-single-page-main/3.3.1/prod/web/bundles/32d651ffb773c65038b5.js, line 13: AbortError: Aborted
JavaScript error: https://static.avito.ru/s/cc/chunks/vendors~939a0d94bbc91af8d638b39ad322496d.c56aa69b24bda473035a.js, line 2: Error: Target node with selector '.js-after-login-notification' not found.
1614936429444	Marionette	WARN	TimedPromise timed out after 500 ms: stacktrace:
TimedPromise/<@chrome://marionette/content/sync.js:231:19
TimedPromise@chrome://marionette/content/sync.js:216:10
interaction.flushEventLoop@chrome://marionette/content/interaction.js:433:10
webdriverClickElement@chrome://marionette/content/interaction.js:179:31
JavaScript error: https://static.avito.ru/s/cc/bundles/d0f4da13f4622eff6999.js, line 1: ChunkLoadError: Loading chunk f6962c17 failed.
(error: https://static.avito.ru/s/cc/chunks/f6962c17.d733b8bf1a822ac6e7ca.js)
JavaScript error: https://static.avito.ru/s/cc/chunks/vendors~939a0d94bbc91af8d638b39ad322496d.c56aa69b24bda473035a.js, line 2: Error: Target node with selector '.js-after-login-notification' not found.
1614936441032	Marionette	WARN	TimedPromise timed out after 500 ms: stacktrace:
TimedPromise/<@chrome://marionette/content/sync.js:231:19
TimedPromise@chrome://marionette/content/sync.js:216:10
interaction.flushEventLoop@chrome://marionette/content/interaction.js:433:10
webdriverClickElement@chrome://marionette/content/interaction.js:179:31
1614936444605	Marionette	WARN	TimedPromise timed out after 500 ms: stacktrace:
TimedPromise/<@chrome://marionette/content/sync.js:231:19
TimedPromise@chrome://marionette/content/sync.js:216:10
interaction.flushEventLoop@chrome://marionette/content/interaction.js:433:10
webdriverClickElement@chrome://marionette/content/interaction.js:179:31
[Child 21602, MediaDecoderStateMachine #1] WARNING: Decoder=7fa11b2b7800 state=DECODING_METADATA Decode metadata failed, shutting down decoder: file /PROJECT/firefox-86.0+linuxmint1+tricia/dom/media/MediaDecoderStateMachine.cpp:368
[Child 21602, MediaDecoderStateMachine #1] WARNING: Decoder=7fa11b2b7800 Decode error: NS_ERROR_DOM_MEDIA_METADATA_ERR (0x806e0006): file /PROJECT/firefox-86.0+linuxmint1+tricia/dom/media/MediaDecoderStateMachine.cpp:3474
1614936475210	Marionette	INFO	Stopped listening on port 38785
IPDL protocol error: Handler returned error code!

###!!! [Parent][DispatchAsyncMessage] Error: PLayerTransaction::Msg_ReleaseLayer Processing error: message was deserialized, but the handler returned false (indicating failure)

IPDL protocol error: Handler returned error code!

###!!! [Parent][DispatchAsyncMessage] Error: PLayerTransaction::Msg_ReleaseLayer Processing error: message was deserialized, but the handler returned false (indicating failure)

1614936575591	geckodriver	INFO	Listening on 127.0.0.1:51029
1614936575599	mozrunner::runner	INFO	Running command: "/usr/bin/firefox" "--marionette" "-foreground" "-no-remote" "-profile" "/tmp/rust_mozprofilesovsCb"
console.info: MINT: Trying to use the system region (based on LANG).
console.info: MINT: System region is RU
console.warn: SearchSettings: "get: No settings file exists, new profile?" (new Error("", "(unknown module)"))
1614936581458	Marionette	INFO	Listening on port 40443
1614936581560	Marionette	WARN	TLS certificate errors will be ignored for this session
console.info: MINT: Loading search-config defaults.
JavaScript error: resource://gre/modules/TelemetryUtils.jsm, line 159: TypeError: date is undefined
JavaScript error: https://static.avito.ru/s/cc/bundles/d0f4da13f4622eff6999.js, line 1: ChunkLoadError: Loading chunk f6962c17 failed.
(error: https://static.avito.ru/s/cc/chunks/f6962c17.d733b8bf1a822ac6e7ca.js)
1614936613138	Marionette	WARN	TimedPromise timed out after 500 ms: stacktrace:
TimedPromise/<@chrome://marionette/content/sync.js:231:19
TimedPromise@chrome://marionette/content/sync.js:216:10
interaction.flushEventLoop@chrome://marionette/content/interaction.js:433:10
webdriverClickElement@chrome://marionette/content/interaction.js:179:31
JavaScript error: https://static.avito.ru/s/cc/bundles/d0f4da13f4622eff6999.js, line 1: ChunkLoadError: Loading chunk f6962c17 failed.
(error: https://static.avito.ru/s/cc/chunks/f6962c17.d733b8bf1a822ac6e7ca.js)
JavaScript error: https://static.avito.ru/@avito/bx-single-page-main/3.3.1/prod/web/bundles/32d651ffb773c65038b5.js, line 13: AbortError: Aborted
[Child 22561, MediaDecoderStateMachine #1] WARNING: Decoder=7ff1eda4c400 state=DECODING_METADATA Decode metadata failed, shutting down decoder: file /PROJECT/firefox-86.0+linuxmint1+tricia/dom/media/MediaDecoderStateMachine.cpp:368
[Child 22561, MediaDecoderStateMachine #1] WARNING: Decoder=7ff1eda4c400 Decode error: NS_ERROR_DOM_MEDIA_METADATA_ERR (0x806e0006): file /PROJECT/firefox-86.0+linuxmint1+tricia/dom/media/MediaDecoderStateMachine.cpp:3474
JavaScript error: https://static.avito.ru/s/cc/chunks/vendors~939a0d94bbc91af8d638b39ad322496d.c56aa69b24bda473035a.js, line 2: Error: Target node with selector '.js-after-login-notification' not found.
1614936621900	Marionette	WARN	Ignoring event 'DOMContentLoaded' because document has an invalid readyState of 'complete'.
JavaScript error: https://static.avito.ru/s/cc/bundles/d0f4da13f4622eff6999.js, line 1: ChunkLoadError: Loading chunk f6962c17 failed.
(error: https://static.avito.ru/s/cc/chunks/f6962c17.d733b8bf1a822ac6e7ca.js)
JavaScript error: , line 0: uncaught exception: undefined
JavaScript error: https://static.avito.ru/s/cc/chunks/vendors~939a0d94bbc91af8d638b39ad322496d.c56aa69b24bda473035a.js, line 2: Error: Target node with selector '.js-after-login-notification' not found.
1614936631050	Marionette	WARN	TimedPromise timed out after 500 ms: stacktrace:
TimedPromise/<@chrome://marionette/content/sync.js:231:19
TimedPromise@chrome://marionette/content/sync.js:216:10
interaction.flushEventLoop@chrome://marionette/content/interaction.js:433:10
webdriverClickElement@chrome://marionette/content/interaction.js:179:31
1614936634117	Marionette	WARN	TimedPromise timed out after 500 ms: stacktrace:
TimedPromise/<@chrome://marionette/content/sync.js:231:19
TimedPromise@chrome://marionette/content/sync.js:216:10
interaction.flushEventLoop@chrome://marionette/content/interaction.js:433:10
webdriverClickElement@chrome://marionette/content/interaction.js:179:31
1614936664629	Marionette	INFO	Stopped listening on port 40443
IPDL protocol error: Handler returned error code!

###!!! [Parent][DispatchAsyncMessage] Error: PLayerTransaction::Msg_ReleaseLayer Processing error: message was deserialized, but the handler returned false (indicating failure)

IPDL protocol error: Handler returned error code!

###!!! [Parent][DispatchAsyncMessage] Error: PLayerTransaction::Msg_ReleaseLayer Processing error: message was deserialized, but the handler returned false (indicating failure)

1614936762561	geckodriver	INFO	Listening on 127.0.0.1:38595
1614936762567	mozrunner::runner	INFO	Running command: "/usr/bin/firefox" "--marionette" "-foreground" "-no-remote" "-profile" "/tmp/rust_mozprofilexECSbS"
console.info: MINT: Trying to use the system region (based on LANG).
console.info: MINT: System region is RU
console.warn: SearchSettings: "get: No settings file exists, new profile?" (new Error("", "(unknown module)"))
1614936768444	Marionette	INFO	Listening on port 39449
1614936768524	Marionette	WARN	TLS certificate errors will be ignored for this session
console.info: MINT: Loading search-config defaults.
JavaScript error: resource://gre/modules/TelemetryUtils.jsm, line 159: TypeError: date is undefined
JavaScript error: https://static.avito.ru/s/cc/bundles/d0f4da13f4622eff6999.js, line 1: ChunkLoadError: Loading chunk f6962c17 failed.
(error: https://static.avito.ru/s/cc/chunks/f6962c17.d733b8bf1a822ac6e7ca.js)
JavaScript error: https://static.avito.ru/s/cc/bundles/d0f4da13f4622eff6999.js, line 1: ChunkLoadError: Loading chunk f6962c17 failed.
(error: https://static.avito.ru/s/cc/chunks/f6962c17.d733b8bf1a822ac6e7ca.js)
JavaScript error: https://static.avito.ru/@avito/bx-single-page-main/3.3.1/prod/web/bundles/32d651ffb773c65038b5.js, line 13: AbortError: Aborted
JavaScript error: https://static.avito.ru/s/cc/chunks/vendors~939a0d94bbc91af8d638b39ad322496d.c56aa69b24bda473035a.js, line 2: Error: Target node with selector '.js-after-login-notification' not found.
JavaScript error: https://static.avito.ru/s/cc/bundles/d0f4da13f4622eff6999.js, line 1: ChunkLoadError: Loading chunk f6962c17 failed.
(error: https://static.avito.ru/s/cc/chunks/f6962c17.d733b8bf1a822ac6e7ca.js)
JavaScript error: , line 0: uncaught exception: undefined
JavaScript error: https://static.avito.ru/s/cc/chunks/vendors~939a0d94bbc91af8d638b39ad322496d.c56aa69b24bda473035a.js, line 2: Error: Target node with selector '.js-after-login-notification' not found.
1614936819409	Marionette	WARN	TimedPromise timed out after 500 ms: stacktrace:
TimedPromise/<@chrome://marionette/content/sync.js:231:19
TimedPromise@chrome://marionette/content/sync.js:216:10
interaction.flushEventLoop@chrome://marionette/content/interaction.js:433:10
webdriverClickElement@chrome://marionette/content/interaction.js:179:31
1614936822516	Marionette	WARN	TimedPromise timed out after 500 ms: stacktrace:
TimedPromise/<@chrome://marionette/content/sync.js:231:19
TimedPromise@chrome://marionette/content/sync.js:216:10
interaction.flushEventLoop@chrome://marionette/content/interaction.js:433:10
webdriverClickElement@chrome://marionette/content/interaction.js:179:31
1614936842400	Marionette	INFO	Stopped listening on port 39449
1614936856029	geckodriver	INFO	Listening on 127.0.0.1:48265
1614936856034	mozrunner::runner	INFO	Running command: "/usr/bin/firefox" "--marionette" "-foreground" "-no-remote" "-profile" "/tmp/rust_mozprofileQLnCpS"
console.info: MINT: Trying to use the system region (based on LANG).
console.info: MINT: System region is RU
console.warn: SearchSettings: "get: No settings file exists, new profile?" (new Error("", "(unknown module)"))
1614936862057	Marionette	INFO	Listening on port 43035
1614936862189	Marionette	WARN	TLS certificate errors will be ignored for this session
console.info: MINT: Loading search-config defaults.
JavaScript error: resource://gre/modules/TelemetryUtils.jsm, line 159: TypeError: date is undefined
JavaScript error: https://e2ab35314e6c47f196bf90da42f26205.safeframe.googlesyndication.com/safeframe/1-0-37/html/container.html, line 8: ReferenceError: googqscp is not defined
1614936896350	Marionette	WARN	Ignoring event 'pageshow' because document has an invalid readyState of 'uninitialized'.
JavaScript error: https://static.avito.ru/s/cc/bundles/d0f4da13f4622eff6999.js, line 1: ChunkLoadError: Loading chunk f6962c17 failed.
(error: https://static.avito.ru/s/cc/chunks/f6962c17.d733b8bf1a822ac6e7ca.js)
1614936922768	Marionette	WARN	TimedPromise timed out after 500 ms: stacktrace:
TimedPromise/<@chrome://marionette/content/sync.js:231:19
TimedPromise@chrome://marionette/content/sync.js:216:10
interaction.flushEventLoop@chrome://marionette/content/interaction.js:433:10
webdriverClickElement@chrome://marionette/content/interaction.js:179:31
JavaScript error: https://static.avito.ru/s/cc/bundles/d0f4da13f4622eff6999.js, line 1: ChunkLoadError: Loading chunk f6962c17 failed.
(error: https://static.avito.ru/s/cc/chunks/f6962c17.d733b8bf1a822ac6e7ca.js)
JavaScript error: https://static.avito.ru/@avito/bx-single-page-main/3.3.1/prod/web/bundles/32d651ffb773c65038b5.js, line 13: AbortError: Aborted
[Child 24047, MediaDecoderStateMachine #1] WARNING: Decoder=7f27a665c400 state=DECODING_METADATA Decode metadata failed, shutting down decoder: file /PROJECT/firefox-86.0+linuxmint1+tricia/dom/media/MediaDecoderStateMachine.cpp:368
[Child 24047, MediaDecoderStateMachine #1] WARNING: Decoder=7f27a665c400 Decode error: NS_ERROR_DOM_MEDIA_METADATA_ERR (0x806e0006): file /PROJECT/firefox-86.0+linuxmint1+tricia/dom/media/MediaDecoderStateMachine.cpp:3474
JavaScript error: https://static.avito.ru/s/cc/chunks/vendors~939a0d94bbc91af8d638b39ad322496d.c56aa69b24bda473035a.js, line 2: Error: Target node with selector '.js-after-login-notification' not found.
1614936931934	Marionette	WARN	TimedPromise timed out after 500 ms: stacktrace:
TimedPromise/<@chrome://marionette/content/sync.js:231:19
TimedPromise@chrome://marionette/content/sync.js:216:10
interaction.flushEventLoop@chrome://marionette/content/interaction.js:433:10
webdriverClickElement@chrome://marionette/content/interaction.js:179:31
JavaScript error: https://static.avito.ru/s/cc/bundles/d0f4da13f4622eff6999.js, line 1: ChunkLoadError: Loading chunk f6962c17 failed.
(error: https://static.avito.ru/s/cc/chunks/f6962c17.d733b8bf1a822ac6e7ca.js)
JavaScript error: https://static.avito.ru/s/cc/chunks/vendors~939a0d94bbc91af8d638b39ad322496d.c56aa69b24bda473035a.js, line 2: Error: Target node with selector '.js-after-login-notification' not found.
1614936942650	Marionette	WARN	TimedPromise timed out after 500 ms: stacktrace:
TimedPromise/<@chrome://marionette/content/sync.js:231:19
TimedPromise@chrome://marionette/content/sync.js:216:10
interaction.flushEventLoop@chrome://marionette/content/interaction.js:433:10
webdriverClickElement@chrome://marionette/content/interaction.js:179:31
JavaScript error: https://www.avito.ru/moskva/odezhda_obuv_aksessuary/panama_burberry_1989282794 line 11554 > injectedScript, line 1: ReferenceError: fbq is not defined
[Child 24142, MediaDecoderStateMachine #1] WARNING: Decoder=7f1eb68bbc00 state=DECODING_METADATA Decode metadata failed, shutting down decoder: file /PROJECT/firefox-86.0+linuxmint1+tricia/dom/media/MediaDecoderStateMachine.cpp:368
[Child 24142, MediaDecoderStateMachine #1] WARNING: Decoder=7f1eb68bbc00 Decode error: NS_ERROR_DOM_MEDIA_METADATA_ERR (0x806e0006): file /PROJECT/firefox-86.0+linuxmint1+tricia/dom/media/MediaDecoderStateMachine.cpp:3474
1614936973171	Marionette	INFO	Stopped listening on port 43035

###!!! [Child][MessageChannel] Error: (msgtype=0x3A0146,name=PContent::Msg_ScriptError) Channel closing: too late to send/recv, messages will be lost


###!!! [Child][MessageChannel] Error: (msgtype=0xB60006,name=PWebSocket::Msg_DeleteSelf) Channel closing: too late to send/recv, messages will be lost


###!!! [Child][MessageChannel] Error: (msgtype=0x3A0146,name=PContent::Msg_ScriptError) Channel closing: too late to send/recv, messages will be lost


###!!! [Child][MessageChannel] Error: (msgtype=0xB60006,name=PWebSocket::Msg_DeleteSelf) Channel closing: too late to send/recv, messages will be lost

1614936986818	geckodriver	INFO	Listening on 127.0.0.1:33281
1614936986824	mozrunner::runner	INFO	Running command: "/usr/bin/firefox" "--marionette" "-foreground" "-no-remote" "-profile" "/tmp/rust_mozprofileaLx7bm"
console.info: MINT: Trying to use the system region (based on LANG).
console.info: MINT: System region is RU
console.warn: SearchSettings: "get: No settings file exists, new profile?" (new Error("", "(unknown module)"))
1614936992824	Marionette	INFO	Listening on port 41717
1614936992885	Marionette	WARN	TLS certificate errors will be ignored for this session
console.info: MINT: Loading search-config defaults.
JavaScript error: resource://gre/modules/TelemetryUtils.jsm, line 159: TypeError: date is undefined
JavaScript error: https://static.avito.ru/s/cc/bundles/d0f4da13f4622eff6999.js, line 1: ChunkLoadError: Loading chunk f6962c17 failed.
(error: https://static.avito.ru/s/cc/chunks/f6962c17.d733b8bf1a822ac6e7ca.js)
1614937039272	Marionette	WARN	TimedPromise timed out after 500 ms: stacktrace:
TimedPromise/<@chrome://marionette/content/sync.js:231:19
TimedPromise@chrome://marionette/content/sync.js:216:10
interaction.flushEventLoop@chrome://marionette/content/interaction.js:433:10
webdriverClickElement@chrome://marionette/content/interaction.js:179:31
JavaScript error: https://static.avito.ru/s/cc/bundles/d0f4da13f4622eff6999.js, line 1: ChunkLoadError: Loading chunk f6962c17 failed.
(error: https://static.avito.ru/s/cc/chunks/f6962c17.d733b8bf1a822ac6e7ca.js)
JavaScript error: https://static.avito.ru/@avito/bx-single-page-main/3.3.1/prod/web/bundles/32d651ffb773c65038b5.js, line 13: AbortError: Aborted
JavaScript error: https://static.avito.ru/s/cc/chunks/vendors~939a0d94bbc91af8d638b39ad322496d.c56aa69b24bda473035a.js, line 2: Error: Target node with selector '.js-after-login-notification' not found.
JavaScript error: , line 0: uncaught exception: undefined
JavaScript error: https://static.avito.ru/s/cc/bundles/d0f4da13f4622eff6999.js, line 1: ChunkLoadError: Loading chunk f6962c17 failed.
(error: https://static.avito.ru/s/cc/chunks/f6962c17.d733b8bf1a822ac6e7ca.js)
JavaScript error: https://static.avito.ru/s/cc/chunks/vendors~939a0d94bbc91af8d638b39ad322496d.c56aa69b24bda473035a.js, line 2: Error: Target node with selector '.js-after-login-notification' not found.
1614937075516	Marionette	WARN	TimedPromise timed out after 500 ms: stacktrace:
TimedPromise/<@chrome://marionette/content/sync.js:231:19
TimedPromise@chrome://marionette/content/sync.js:216:10
interaction.flushEventLoop@chrome://marionette/content/interaction.js:433:10
webdriverClickElement@chrome://marionette/content/interaction.js:179:31
1614937106036	Marionette	INFO	Stopped listening on port 41717
1614938751815	geckodriver	INFO	Listening on 127.0.0.1:49571
1614938752765	mozrunner::runner	INFO	Running command: "/usr/bin/firefox" "--marionette" "-foreground" "-no-remote" "-profile" "/tmp/rust_mozprofilexflRCj"
console.info: MINT: Trying to use the system region (based on LANG).
console.info: MINT: System region is RU
console.warn: SearchSettings: "get: No settings file exists, new profile?" (new Error("", "(unknown module)"))
1614938766968	Marionette	INFO	Listening on port 41347
1614938767151	Marionette	WARN	TLS certificate errors will be ignored for this session
console.info: MINT: Loading search-config defaults.
JavaScript error: resource://gre/modules/TelemetryUtils.jsm, line 159: TypeError: date is undefined
JavaScript error: https://static.avito.ru/s/cc/bundles/d0f4da13f4622eff6999.js, line 1: ChunkLoadError: Loading chunk f6962c17 failed.
(error: https://static.avito.ru/s/cc/chunks/f6962c17.d733b8bf1a822ac6e7ca.js)
JavaScript error: https://static.avito.ru/@avito/bx-single-page-main/3.3.1/prod/web/bundles/32d651ffb773c65038b5.js, line 13: AbortError: Aborted
JavaScript error: https://static.avito.ru/s/cc/bundles/d0f4da13f4622eff6999.js, line 1: ChunkLoadError: Loading chunk f6962c17 failed.
(error: https://static.avito.ru/s/cc/chunks/f6962c17.d733b8bf1a822ac6e7ca.js)
1614938843226	Marionette	WARN	TimedPromise timed out after 500 ms: stacktrace:
TimedPromise/<@chrome://marionette/content/sync.js:231:19
TimedPromise@chrome://marionette/content/sync.js:216:10
interaction.flushEventLoop@chrome://marionette/content/interaction.js:433:10
webdriverClickElement@chrome://marionette/content/interaction.js:179:31
1614938873646	Marionette	INFO	Stopped listening on port 41347
IPDL protocol error: Handler returned error code!

###!!! [Parent][DispatchAsyncMessage] Error: PLayerTransaction::Msg_ReleaseLayer Processing error: message was deserialized, but the handler returned false (indicating failure)

IPDL protocol error: Handler returned error code!

###!!! [Parent][DispatchAsyncMessage] Error: PLayerTransaction::Msg_ReleaseLayer Processing error: message was deserialized, but the handler returned false (indicating failure)

1614946948673	geckodriver	INFO	Listening on 127.0.0.1:51451
1614946948681	mozrunner::runner	INFO	Running command: "/usr/bin/firefox" "--marionette" "-foreground" "-no-remote" "-profile" "/tmp/rust_mozprofilewBdzSC"
console.info: MINT: Trying to use the system region (based on LANG).
console.info: MINT: System region is RU
console.warn: SearchSettings: "get: No settings file exists, new profile?" (new Error("", "(unknown module)"))
1614946954601	Marionette	INFO	Listening on port 42069
1614946954730	Marionette	WARN	TLS certificate errors will be ignored for this session
console.info: MINT: Loading search-config defaults.
JavaScript error: resource://gre/modules/TelemetryUtils.jsm, line 159: TypeError: date is undefined
1614946976164	Marionette	WARN	Ignoring event 'pageshow' because document has an invalid readyState of 'uninitialized'.
JavaScript error: https://static.avito.ru/s/cc/bundles/095ac102dd5c6dbe0c5b.js, line 1: ChunkLoadError: Loading chunk 588b7c70 failed.
(error: https://static.avito.ru/s/cc/chunks/588b7c70.6d617f4d17b81aeda0ec.js)
JavaScript error: , line 0: TypeError: NetworkError when attempting to fetch resource.
JavaScript error: https://static.avito.ru/@avito/bx-single-page-main/3.3.1/prod/web/bundles/32d651ffb773c65038b5.js, line 13: AbortError: Aborted
JavaScript error: https://static.avito.ru/@avito/bx-single-page-main/3.3.1/prod/web/bundles/32d651ffb773c65038b5.js, line 13: AbortError: Aborted
1614946997371	Marionette	INFO	Stopped listening on port 42069

###!!! [Parent][RunMessage] Error: Channel closing: too late to send/recv, messages will be lost

1614947016789	geckodriver	INFO	Listening on 127.0.0.1:43597
1614947016795	mozrunner::runner	INFO	Running command: "/usr/bin/firefox" "--marionette" "-foreground" "-no-remote" "-profile" "/tmp/rust_mozprofileApv4OE"
console.info: MINT: Trying to use the system region (based on LANG).
console.info: MINT: System region is RU
console.warn: SearchSettings: "get: No settings file exists, new profile?" (new Error("", "(unknown module)"))
1614947022457	Marionette	INFO	Listening on port 42413
1614947022544	Marionette	WARN	TLS certificate errors will be ignored for this session
console.info: MINT: Loading search-config defaults.
JavaScript error: resource://gre/modules/TelemetryUtils.jsm, line 159: TypeError: date is undefined
JavaScript error: , line 0: TypeError: NetworkError when attempting to fetch resource.
JavaScript error: https://static.avito.ru/s/cc/bundles/095ac102dd5c6dbe0c5b.js, line 1: ChunkLoadError: Loading chunk 588b7c70 failed.
(error: https://static.avito.ru/s/cc/chunks/588b7c70.6d617f4d17b81aeda0ec.js)
JavaScript error: https://static.avito.ru/@avito/bx-single-page-main/3.3.1/prod/web/bundles/32d651ffb773c65038b5.js, line 13: AbortError: Aborted
JavaScript error: https://static.avito.ru/@avito/bx-single-page-main/3.3.1/prod/web/bundles/32d651ffb773c65038b5.js, line 13: AbortError: Aborted
1614947098228	Marionette	INFO	Stopped listening on port 42413
IPDL protocol error: Handler returned error code!

###!!! [Parent][DispatchAsyncMessage] Error: PLayerTransaction::Msg_ReleaseLayer Processing error: message was deserialized, but the handler returned false (indicating failure)

IPDL protocol error: Handler returned error code!

###!!! [Parent][DispatchAsyncMessage] Error: PLayerTransaction::Msg_ReleaseLayer Processing error: message was deserialized, but the handler returned false (indicating failure)

JavaScript error: , line 0: uncaught exception: undefined
